=============== LOG START - 2021.10.21 22:32:25:4705 ===============
2021/10/21, 22:32:25:4720 - GGG
=============== LOG START - 2021.10.21 22:33:26:8065 ===============
2021/10/21, 22:33:26:8085 - GGG
=============== LOG START - 2021.10.21 22:35:40:7333 ===============
=============== LOG START - 2021.10.21 22:39:42:4377 ===============
2021/10/21, 22:39:48:2956 - Fuck
=============== LOG START - 2021.10.21 22:40:48:3220 ===============
2021/10/21, 22:40:50:4334 - Fuck
=============== LOG START - 2021.10.21 22:45:44:2071 ===============
2021/10/21, 22:45:45:6712 - Fuck
=============== LOG START - 2021.10.21 22:46:11:4611 ===============
2021/10/21, 22:46:13:5872 - Fuck
=============== LOG START - 2021.10.21 22:51:11:1808 ===============
2021/10/21, 22:51:12:5228 - Fuck2
===============   LOG END - 2021.10.21 22:51:12:5248 ===============
=============== LOG START - 2021.10.21 23:01:48:1706 ===============
===============   LOG END - 2021.10.21 23:01:50:5389 ===============
=============== LOG START - 2021.10.21 23:06:17:5859 ===============
===============   LOG END - 2021.10.21 23:06:19:6047 ===============
=============== LOG START - 2021.10.21 23:20:17:8215 ===============
=============== LOG START - 2021.10.21 23:52:46:0279 ===============
